# JRE version: OpenJDK Runtime Environment Microsoft-8035246 (17.0.8+7) (build 17.0.8+7-LTS)
# Java VM: OpenJDK 64-Bit Server VM Microsoft-8035246 (17.0.8+7-LTS, mixed mode, sharing, tiered, compressed oops, compressed class ptrs, g1 gc, windows-amd64)
GC Precious Log:
 CPUs: 16 total, 16 available
 Memory: 16312M
 Large Page Support: Disabled
 NUMA Support: Disabled
 Compressed Oops: Enabled (32-bit)
 Heap Region Size: 1M
 Heap Min Capacity: 8M
 Heap Initial Capacity: 256M
 Heap Max Capacity: 2G
 Pre-touch: Disabled
 Parallel Workers: 13
 Concurrent Workers: 3
 Concurrent Refinement Workers: 13
 Periodic GC: Disabled
Heap:
 garbage-first heap   total 244736K, used 188599K [0x0000000080000000, 0x0000000100000000)
  region size 1024K, 16 young (16384K), 5 survivors (5120K)
 Metaspace       used 106362K, committed 107648K, reserved 557056K
  class space    used 14812K, committed 15424K, reserved 425984K
GC Heap History (20 events):
Event: 48.585 GC heap before
{Heap before GC invocations=65 (full 0):
 garbage-first heap   total 244736K, used 188519K [0x0000000080000000, 0x0000000100000000)
  region size 1024K, 44 young (45056K), 1 survivors (1024K)
 Metaspace       used 101163K, committed 102336K, reserved 557056K
  class space    used 14106K, committed 14656K, reserved 425984K
}
Event: 48.589 GC heap after
{Heap after GC invocations=66 (full 0):
 garbage-first heap   total 244736K, used 145996K [0x0000000080000000, 0x0000000100000000)
  region size 1024K, 3 young (3072K), 3 survivors (3072K)
 Metaspace       used 101163K, committed 102336K, reserved 557056K
  class space    used 14106K, committed 14656K, reserved 425984K
}
Event: 49.397 GC heap before
{Heap before GC invocations=66 (full 0):
 garbage-first heap   total 244736K, used 192076K [0x0000000080000000, 0x0000000100000000)
  region size 1024K, 48 young (49152K), 3 survivors (3072K)
 Metaspace       used 102936K, committed 104128K, reserved 557056K
  class space    used 14331K, committed 14912K, reserved 425984K
}
Event: 49.405 GC heap after
{Heap after GC invocations=67 (full 0):
 garbage-first heap   total 244736K, used 151484K [0x0000000080000000, 0x0000000100000000)
  region size 1024K, 6 young (6144K), 6 survivors (6144K)
 Metaspace       used 102936K, committed 104128K, reserved 557056K
  class space    used 14331K, committed 14912K, reserved 425984K
}
Event: 50.120 GC heap before
{Heap before GC invocations=67 (full 0):
 garbage-first heap   total 244736K, used 196540K [0x0000000080000000, 0x0000000100000000)
  region size 1024K, 50 young (51200K), 6 survivors (6144K)
 Metaspace       used 103951K, committed 105152K, reserved 557056K
  class space    used 14436K, committed 14976K, reserved 425984K
}
Event: 50.128 GC heap after
{Heap after GC invocations=68 (full 0):
 garbage-first heap   total 244736K, used 158061K [0x0000000080000000, 0x0000000100000000)
  region size 1024K, 7 young (7168K), 7 survivors (7168K)
 Metaspace       used 103951K, committed 105152K, reserved 557056K
  class space    used 14436K, committed 14976K, reserved 425984K
}
Event: 50.621 GC heap before
{Heap before GC invocations=68 (full 0):
 garbage-first heap   total 244736K, used 199021K [0x0000000080000000, 0x0000000100000000)
  region size 1024K, 47 young (48128K), 7 survivors (7168K)
 Metaspace       used 104138K, committed 105408K, reserved 557056K
  class space    used 14438K, committed 15040K, reserved 425984K
}
Event: 50.627 GC heap after
{Heap after GC invocations=69 (full 0):
 garbage-first heap   total 244736K, used 162606K [0x0000000080000000, 0x0000000100000000)
  region size 1024K, 5 young (5120K), 5 survivors (5120K)
 Metaspace       used 104138K, committed 105408K, reserved 557056K
  class space    used 14438K, committed 15040K, reserved 425984K
}
Event: 51.005 GC heap before
{Heap before GC invocations=69 (full 0):
 garbage-first heap   total 244736K, used 201518K [0x0000000080000000, 0x0000000100000000)
  region size 1024K, 43 young (44032K), 5 survivors (5120K)
 Metaspace       used 104566K, committed 105792K, reserved 557056K
  class space    used 14483K, committed 15040K, reserved 425984K
}
Event: 51.011 GC heap after
{Heap after GC invocations=70 (full 0):
 garbage-first heap   total 244736K, used 166838K [0x0000000080000000, 0x0000000100000000)
  region size 1024K, 5 young (5120K), 5 survivors (5120K)
 Metaspace       used 104566K, committed 105792K, reserved 557056K
  class space    used 14483K, committed 15040K, reserved 425984K
}
Event: 51.406 GC heap before
{Heap before GC invocations=70 (full 0):
 garbage-first heap   total 244736K, used 202678K [0x0000000080000000, 0x0000000100000000)
  region size 1024K, 41 young (41984K), 5 survivors (5120K)
 Metaspace       used 105694K, committed 107008K, reserved 557056K
  class space    used 14753K, committed 15360K, reserved 425984K
}
Event: 51.412 GC heap after
{Heap after GC invocations=71 (full 0):
 garbage-first heap   total 244736K, used 170099K [0x0000000080000000, 0x0000000100000000)
  region size 1024K, 4 young (4096K), 4 survivors (4096K)
 Metaspace       used 105694K, committed 107008K, reserved 557056K
  class space    used 14753K, committed 15360K, reserved 425984K
}
Event: 51.794 GC heap before
{Heap before GC invocations=71 (full 0):
 garbage-first heap   total 244736K, used 204915K [0x0000000080000000, 0x0000000100000000)
  region size 1024K, 39 young (39936K), 4 survivors (4096K)
 Metaspace       used 105987K, committed 107328K, reserved 557056K
  class space    used 14760K, committed 15360K, reserved 425984K
}
Event: 51.798 GC heap after
{Heap after GC invocations=72 (full 0):
 garbage-first heap   total 244736K, used 171539K [0x0000000080000000, 0x0000000100000000)
  region size 1024K, 2 young (2048K), 2 survivors (2048K)
 Metaspace       used 105987K, committed 107328K, reserved 557056K
  class space    used 14760K, committed 15360K, reserved 425984K
}
Event: 52.276 GC heap before
{Heap before GC invocations=72 (full 0):
 garbage-first heap   total 244736K, used 207379K [0x0000000080000000, 0x0000000100000000)
  region size 1024K, 38 young (38912K), 2 survivors (2048K)
 Metaspace       used 106290K, committed 107648K, reserved 557056K
  class space    used 14811K, committed 15424K, reserved 425984K
}
Event: 52.280 GC heap after
{Heap after GC invocations=73 (full 0):
 garbage-first heap   total 244736K, used 175473K [0x0000000080000000, 0x0000000100000000)
  region size 1024K, 5 young (5120K), 5 survivors (5120K)
 Metaspace       used 106290K, committed 107648K, reserved 557056K
  class space    used 14811K, committed 15424K, reserved 425984K
}
Event: 52.473 GC heap before
{Heap before GC invocations=73 (full 0):
 garbage-first heap   total 244736K, used 207217K [0x0000000080000000, 0x0000000100000000)
  region size 1024K, 37 young (37888K), 5 survivors (5120K)
 Metaspace       used 106296K, committed 107648K, reserved 557056K
  class space    used 14812K, committed 15424K, reserved 425984K
}
Event: 52.477 GC heap after
{Heap after GC invocations=74 (full 0):
 garbage-first heap   total 244736K, used 177866K [0x0000000080000000, 0x0000000100000000)
  region size 1024K, 3 young (3072K), 3 survivors (3072K)
 Metaspace       used 106296K, committed 107648K, reserved 557056K
  class space    used 14812K, committed 15424K, reserved 425984K
}
Event: 52.726 GC heap before
{Heap before GC invocations=74 (full 0):
 garbage-first heap   total 244736K, used 208586K [0x0000000080000000, 0x0000000100000000)
  region size 1024K, 34 young (34816K), 3 survivors (3072K)
 Metaspace       used 106359K, committed 107648K, reserved 557056K
  class space    used 14812K, committed 15424K, reserved 425984K
}
Event: 52.729 GC heap after
{Heap after GC invocations=75 (full 0):
 garbage-first heap   total 244736K, used 179383K [0x0000000080000000, 0x0000000100000000)
  region size 1024K, 5 young (5120K), 5 survivors (5120K)
 Metaspace       used 106359K, committed 107648K, reserved 557056K
  class space    used 14812K, committed 15424K, reserved 425984K
}

