# JRE version: OpenJDK Runtime Environment Microsoft-8035246 (17.0.8+7) (build 17.0.8+7-LTS)
# Java VM: OpenJDK 64-Bit Server VM Microsoft-8035246 (17.0.8+7-LTS, mixed mode, sharing, tiered, compressed oops, compressed class ptrs, g1 gc, windows-amd64)
GC Precious Log:
 CPUs: 16 total, 16 available
 Memory: 16312M
 Large Page Support: Disabled
 NUMA Support: Disabled
 Compressed Oops: Enabled (32-bit)
 Heap Region Size: 1M
 Heap Min Capacity: 8M
 Heap Initial Capacity: 256M
 Heap Max Capacity: 2G
 Pre-touch: Disabled
 Parallel Workers: 13
 Concurrent Workers: 3
 Concurrent Refinement Workers: 13
 Periodic GC: Disabled
Heap:
 garbage-first heap   total 251904K, used 194090K [0x0000000080000000, 0x0000000100000000)
  region size 1024K, 16 young (16384K), 3 survivors (3072K)
 Metaspace       used 114338K, committed 115584K, reserved 557056K
  class space    used 15726K, committed 16320K, reserved 425984K
GC Heap History (20 events):
Event: 43.721 GC heap before
{Heap before GC invocations=61 (full 0):
 garbage-first heap   total 209920K, used 181919K [0x0000000080000000, 0x0000000100000000)
  region size 1024K, 18 young (18432K), 2 survivors (2048K)
 Metaspace       used 112309K, committed 113408K, reserved 557056K
  class space    used 15411K, committed 15936K, reserved 425984K
}
Event: 43.724 GC heap after
{Heap after GC invocations=62 (full 0):
 garbage-first heap   total 209920K, used 166933K [0x0000000080000000, 0x0000000100000000)
  region size 1024K, 2 young (2048K), 2 survivors (2048K)
 Metaspace       used 112309K, committed 113408K, reserved 557056K
  class space    used 15411K, committed 15936K, reserved 425984K
}
Event: 43.923 GC heap before
{Heap before GC invocations=62 (full 0):
 garbage-first heap   total 209920K, used 181269K [0x0000000080000000, 0x0000000100000000)
  region size 1024K, 16 young (16384K), 2 survivors (2048K)
 Metaspace       used 112503K, committed 113600K, reserved 557056K
  class space    used 15439K, committed 15936K, reserved 425984K
}
Event: 43.926 GC heap after
{Heap after GC invocations=63 (full 0):
 garbage-first heap   total 209920K, used 168957K [0x0000000080000000, 0x0000000100000000)
  region size 1024K, 2 young (2048K), 2 survivors (2048K)
 Metaspace       used 112503K, committed 113600K, reserved 557056K
  class space    used 15439K, committed 15936K, reserved 425984K
}
Event: 44.069 GC heap before
{Heap before GC invocations=63 (full 0):
 garbage-first heap   total 209920K, used 182269K [0x0000000080000000, 0x0000000100000000)
  region size 1024K, 15 young (15360K), 2 survivors (2048K)
 Metaspace       used 112686K, committed 113792K, reserved 557056K
  class space    used 15456K, committed 16000K, reserved 425984K
}
Event: 44.073 GC heap after
{Heap after GC invocations=64 (full 0):
 garbage-first heap   total 209920K, used 170356K [0x0000000080000000, 0x0000000100000000)
  region size 1024K, 2 young (2048K), 2 survivors (2048K)
 Metaspace       used 112686K, committed 113792K, reserved 557056K
  class space    used 15456K, committed 16000K, reserved 425984K
}
Event: 44.179 GC heap before
{Heap before GC invocations=64 (full 0):
 garbage-first heap   total 209920K, used 181620K [0x0000000080000000, 0x0000000100000000)
  region size 1024K, 13 young (13312K), 2 survivors (2048K)
 Metaspace       used 112767K, committed 113920K, reserved 557056K
  class space    used 15462K, committed 16000K, reserved 425984K
}
Event: 44.183 GC heap after
{Heap after GC invocations=65 (full 0):
 garbage-first heap   total 209920K, used 171704K [0x0000000080000000, 0x0000000100000000)
  region size 1024K, 2 young (2048K), 2 survivors (2048K)
 Metaspace       used 112767K, committed 113920K, reserved 557056K
  class space    used 15462K, committed 16000K, reserved 425984K
}
Event: 44.373 GC heap before
{Heap before GC invocations=65 (full 0):
 garbage-first heap   total 209920K, used 180920K [0x0000000080000000, 0x0000000100000000)
  region size 1024K, 12 young (12288K), 2 survivors (2048K)
 Metaspace       used 113170K, committed 114368K, reserved 557056K
  class space    used 15540K, committed 16128K, reserved 425984K
}
Event: 44.376 GC heap after
{Heap after GC invocations=66 (full 0):
 garbage-first heap   total 209920K, used 172894K [0x0000000080000000, 0x0000000100000000)
  region size 1024K, 2 young (2048K), 2 survivors (2048K)
 Metaspace       used 113170K, committed 114368K, reserved 557056K
  class space    used 15540K, committed 16128K, reserved 425984K
}
Event: 44.464 GC heap before
{Heap before GC invocations=66 (full 0):
 garbage-first heap   total 209920K, used 182110K [0x0000000080000000, 0x0000000100000000)
  region size 1024K, 12 young (12288K), 2 survivors (2048K)
 Metaspace       used 113613K, committed 114880K, reserved 557056K
  class space    used 15678K, committed 16256K, reserved 425984K
}
Event: 44.467 GC heap after
{Heap after GC invocations=67 (full 0):
 garbage-first heap   total 251904K, used 173507K [0x0000000080000000, 0x0000000100000000)
  region size 1024K, 2 young (2048K), 2 survivors (2048K)
 Metaspace       used 113613K, committed 114880K, reserved 557056K
  class space    used 15678K, committed 16256K, reserved 425984K
}
Event: 44.818 GC heap before
{Heap before GC invocations=67 (full 0):
 garbage-first heap   total 251904K, used 208323K [0x0000000080000000, 0x0000000100000000)
  region size 1024K, 37 young (37888K), 2 survivors (2048K)
 Metaspace       used 113884K, committed 115072K, reserved 557056K
  class space    used 15684K, committed 16256K, reserved 425984K
}
Event: 44.822 GC heap after
{Heap after GC invocations=68 (full 0):
 garbage-first heap   total 251904K, used 174835K [0x0000000080000000, 0x0000000100000000)
  region size 1024K, 4 young (4096K), 4 survivors (4096K)
 Metaspace       used 113884K, committed 115072K, reserved 557056K
  class space    used 15684K, committed 16256K, reserved 425984K
}
Event: 45.137 GC heap before
{Heap before GC invocations=68 (full 0):
 garbage-first heap   total 251904K, used 210675K [0x0000000080000000, 0x0000000100000000)
  region size 1024K, 39 young (39936K), 4 survivors (4096K)
 Metaspace       used 114085K, committed 115328K, reserved 557056K
  class space    used 15684K, committed 16256K, reserved 425984K
}
Event: 45.141 GC heap after
{Heap after GC invocations=69 (full 0):
 garbage-first heap   total 251904K, used 175967K [0x0000000080000000, 0x0000000100000000)
  region size 1024K, 4 young (4096K), 4 survivors (4096K)
 Metaspace       used 114085K, committed 115328K, reserved 557056K
  class space    used 15684K, committed 16256K, reserved 425984K
}
Event: 45.555 GC heap before
{Heap before GC invocations=69 (full 0):
 garbage-first heap   total 251904K, used 211807K [0x0000000080000000, 0x0000000100000000)
  region size 1024K, 40 young (40960K), 4 survivors (4096K)
 Metaspace       used 114289K, committed 115520K, reserved 557056K
  class space    used 15725K, committed 16320K, reserved 425984K
}
Event: 45.560 GC heap after
{Heap after GC invocations=70 (full 0):
 garbage-first heap   total 251904K, used 180356K [0x0000000080000000, 0x0000000100000000)
  region size 1024K, 5 young (5120K), 5 survivors (5120K)
 Metaspace       used 114289K, committed 115520K, reserved 557056K
  class space    used 15725K, committed 16320K, reserved 425984K
}
Event: 45.952 GC heap before
{Heap before GC invocations=70 (full 0):
 garbage-first heap   total 251904K, used 213124K [0x0000000080000000, 0x0000000100000000)
  region size 1024K, 38 young (38912K), 5 survivors (5120K)
 Metaspace       used 114335K, committed 115584K, reserved 557056K
  class space    used 15726K, committed 16320K, reserved 425984K
}
Event: 45.958 GC heap after
{Heap after GC invocations=71 (full 0):
 garbage-first heap   total 251904K, used 182826K [0x0000000080000000, 0x0000000100000000)
  region size 1024K, 3 young (3072K), 3 survivors (3072K)
 Metaspace       used 114335K, committed 115584K, reserved 557056K
  class space    used 15726K, committed 16320K, reserved 425984K
}

